d:\documents\_school\2daegd\sem1\gp\_triforcerenderer\2_rerasterizer_meshresponsibility\source\tempfiles\debug\rerasterizer.pch
d:\documents\_school\2daegd\sem1\gp\_triforcerenderer\2_rerasterizer_meshresponsibility\source\tempfiles\debug\vc142.pdb
d:\documents\_school\2daegd\sem1\gp\_triforcerenderer\2_rerasterizer_meshresponsibility\source\tempfiles\debug\vc142.idb
d:\documents\_school\2daegd\sem1\gp\_triforcerenderer\2_rerasterizer_meshresponsibility\source\tempfiles\debug\pch.obj
d:\documents\_school\2daegd\sem1\gp\_triforcerenderer\2_rerasterizer_meshresponsibility\source\tempfiles\debug\scene.obj
d:\documents\_school\2daegd\sem1\gp\_triforcerenderer\2_rerasterizer_meshresponsibility\source\tempfiles\debug\rasterizer.obj
d:\documents\_school\2daegd\sem1\gp\_triforcerenderer\2_rerasterizer_meshresponsibility\source\tempfiles\debug\pixel_info.obj
d:\documents\_school\2daegd\sem1\gp\_triforcerenderer\2_rerasterizer_meshresponsibility\source\tempfiles\debug\obj_parser.obj
d:\documents\_school\2daegd\sem1\gp\_triforcerenderer\2_rerasterizer_meshresponsibility\source\tempfiles\debug\mrawtexture.obj
d:\documents\_school\2daegd\sem1\gp\_triforcerenderer\2_rerasterizer_meshresponsibility\source\tempfiles\debug\mrawcolor.obj
d:\documents\_school\2daegd\sem1\gp\_triforcerenderer\2_rerasterizer_meshresponsibility\source\tempfiles\debug\mlambertphong.obj
d:\documents\_school\2daegd\sem1\gp\_triforcerenderer\2_rerasterizer_meshresponsibility\source\tempfiles\debug\mlambertdiffuse.obj
d:\documents\_school\2daegd\sem1\gp\_triforcerenderer\2_rerasterizer_meshresponsibility\source\tempfiles\debug\mlambertcooktorrance.obj
d:\documents\_school\2daegd\sem1\gp\_triforcerenderer\2_rerasterizer_meshresponsibility\source\tempfiles\debug\material.obj
d:\documents\_school\2daegd\sem1\gp\_triforcerenderer\2_rerasterizer_meshresponsibility\source\tempfiles\debug\map.obj
d:\documents\_school\2daegd\sem1\gp\_triforcerenderer\2_rerasterizer_meshresponsibility\source\tempfiles\debug\main.obj
d:\documents\_school\2daegd\sem1\gp\_triforcerenderer\2_rerasterizer_meshresponsibility\source\tempfiles\debug\lpoint.obj
d:\documents\_school\2daegd\sem1\gp\_triforcerenderer\2_rerasterizer_meshresponsibility\source\tempfiles\debug\light.obj
d:\documents\_school\2daegd\sem1\gp\_triforcerenderer\2_rerasterizer_meshresponsibility\source\tempfiles\debug\ldirection.obj
d:\documents\_school\2daegd\sem1\gp\_triforcerenderer\2_rerasterizer_meshresponsibility\source\tempfiles\debug\etimer.obj
d:\documents\_school\2daegd\sem1\gp\_triforcerenderer\2_rerasterizer_meshresponsibility\source\tempfiles\debug\depthbuffer.obj
d:\documents\_school\2daegd\sem1\gp\_triforcerenderer\2_rerasterizer_meshresponsibility\source\tempfiles\debug\camera.obj
d:\documents\_school\2daegd\sem1\gp\_triforcerenderer\2_rerasterizer_meshresponsibility\source\tempfiles\debug\brdf.obj
d:\documents\_school\2daegd\sem1\gp\_triforcerenderer\2_rerasterizer_meshresponsibility\source\tempfiles\debug\window.obj
d:\documents\_school\2daegd\sem1\gp\_triforcerenderer\2_rerasterizer_meshresponsibility\source\tempfiles\debug\vertex.obj
d:\documents\_school\2daegd\sem1\gp\_triforcerenderer\2_rerasterizer_meshresponsibility\source\tempfiles\debug\utils.obj
d:\documents\_school\2daegd\sem1\gp\_triforcerenderer\2_rerasterizer_meshresponsibility\source\tempfiles\debug\uisheetlib.obj
d:\documents\_school\2daegd\sem1\gp\_triforcerenderer\2_rerasterizer_meshresponsibility\source\tempfiles\debug\uisheet.obj
d:\documents\_school\2daegd\sem1\gp\_triforcerenderer\2_rerasterizer_meshresponsibility\source\tempfiles\debug\uielement.obj
d:\documents\_school\2daegd\sem1\gp\_triforcerenderer\2_rerasterizer_meshresponsibility\source\tempfiles\debug\ui.obj
d:\documents\_school\2daegd\sem1\gp\_triforcerenderer\2_rerasterizer_meshresponsibility\source\tempfiles\debug\ubutton.obj
d:\documents\_school\2daegd\sem1\gp\_triforcerenderer\2_rerasterizer_meshresponsibility\source\tempfiles\debug\ubox.obj
d:\documents\_school\2daegd\sem1\gp\_triforcerenderer\2_rerasterizer_meshresponsibility\source\tempfiles\debug\trimesh.obj
d:\documents\_school\2daegd\sem1\gp\_triforcerenderer\2_rerasterizer_meshresponsibility\source\tempfiles\debug\texture.obj
d:\documents\_school\2daegd\sem1\gp\_triforcerenderer\2_rerasterizer_meshresponsibility\source\tempfiles\debug\sceneslib.obj
d:\documents\_school\2daegd\sem1\gp\_triforcerenderer\2_rerasterizer_meshresponsibility\source\tempfiles\debug\scenegraph.obj
d:\documents\_school\2daegd\sem1\gp\_triforcerenderer\2_rerasterizer_meshresponsibility\source\tempfiles\debug\rerasterizer.tlog\cl.command.1.tlog
d:\documents\_school\2daegd\sem1\gp\_triforcerenderer\2_rerasterizer_meshresponsibility\source\tempfiles\debug\rerasterizer.tlog\cl.read.1.tlog
d:\documents\_school\2daegd\sem1\gp\_triforcerenderer\2_rerasterizer_meshresponsibility\source\tempfiles\debug\rerasterizer.tlog\cl.write.1.tlog
