d:\main\git\custom-rasterizer\source\tempfiles\release\rerasterizer.pch
d:\main\git\custom-rasterizer\source\tempfiles\release\vc142.pdb
d:\main\git\custom-rasterizer\source\tempfiles\release\pch.obj
d:\main\git\custom-rasterizer\source\tempfiles\release\scene.obj
d:\main\git\custom-rasterizer\source\tempfiles\release\rasterizer.obj
d:\main\git\custom-rasterizer\source\tempfiles\release\pixel_info.obj
d:\main\git\custom-rasterizer\source\tempfiles\release\obj_parser.obj
d:\main\git\custom-rasterizer\source\tempfiles\release\mrawtexture.obj
d:\main\git\custom-rasterizer\source\tempfiles\release\mrawcolor.obj
d:\main\git\custom-rasterizer\source\tempfiles\release\mlambertphong.obj
d:\main\git\custom-rasterizer\source\tempfiles\release\mlambertdiffuse.obj
d:\main\git\custom-rasterizer\source\tempfiles\release\mlambertcooktorrance.obj
d:\main\git\custom-rasterizer\source\tempfiles\release\material.obj
d:\main\git\custom-rasterizer\source\tempfiles\release\master.obj
d:\main\git\custom-rasterizer\source\tempfiles\release\map.obj
d:\main\git\custom-rasterizer\source\tempfiles\release\main.obj
d:\main\git\custom-rasterizer\source\tempfiles\release\lpoint.obj
d:\main\git\custom-rasterizer\source\tempfiles\release\light.obj
d:\main\git\custom-rasterizer\source\tempfiles\release\ldirection.obj
d:\main\git\custom-rasterizer\source\tempfiles\release\etimer.obj
d:\main\git\custom-rasterizer\source\tempfiles\release\depthbuffer.obj
d:\main\git\custom-rasterizer\source\tempfiles\release\camera.obj
d:\main\git\custom-rasterizer\source\tempfiles\release\brdf.obj
d:\main\git\custom-rasterizer\source\tempfiles\release\window.obj
d:\main\git\custom-rasterizer\source\tempfiles\release\vertex.obj
d:\main\git\custom-rasterizer\source\tempfiles\release\utils.obj
d:\main\git\custom-rasterizer\source\tempfiles\release\uslider.obj
d:\main\git\custom-rasterizer\source\tempfiles\release\uisheetlib.obj
d:\main\git\custom-rasterizer\source\tempfiles\release\uisheet.obj
d:\main\git\custom-rasterizer\source\tempfiles\release\uielement.obj
d:\main\git\custom-rasterizer\source\tempfiles\release\ui.obj
d:\main\git\custom-rasterizer\source\tempfiles\release\ubutton.obj
d:\main\git\custom-rasterizer\source\tempfiles\release\ubox.obj
d:\main\git\custom-rasterizer\source\tempfiles\release\trimesh.obj
d:\main\git\custom-rasterizer\source\tempfiles\release\texture.obj
d:\main\git\custom-rasterizer\source\tempfiles\release\sceneslib.obj
d:\main\git\custom-rasterizer\source\tempfiles\release\scenegraph.obj
d:\main\git\custom-rasterizer\bin\release\rerasterizer.exe
d:\main\git\custom-rasterizer\bin\release\rerasterizer.pdb
d:\main\git\custom-rasterizer\bin\release\rerasterizer.ipdb
d:\main\git\custom-rasterizer\bin\release\rerasterizer.iobj
d:\main\git\custom-rasterizer\source\..\bin\release\rerasterizer.pdb
d:\main\git\custom-rasterizer\source\..\bin\release\rerasterizer.exe
d:\main\git\custom-rasterizer\source\tempfiles\release\rerasterizer.tlog\cl.command.1.tlog
d:\main\git\custom-rasterizer\source\tempfiles\release\rerasterizer.tlog\cl.read.1.tlog
d:\main\git\custom-rasterizer\source\tempfiles\release\rerasterizer.tlog\cl.write.1.tlog
d:\main\git\custom-rasterizer\source\tempfiles\release\rerasterizer.tlog\link.command.1.tlog
d:\main\git\custom-rasterizer\source\tempfiles\release\rerasterizer.tlog\link.read.1.tlog
d:\main\git\custom-rasterizer\source\tempfiles\release\rerasterizer.tlog\link.write.1.tlog
d:\main\git\custom-rasterizer\source\tempfiles\release\rerasterizer.tlog\rerasterizer.write.1u.tlog
